
*** Running vivado
    with args -log design_1_xbar_2.vds -m64 -product Vivado -mode batch -messageDb vivado.pb -notrace -source design_1_xbar_2.tcl



****** Vivado v2024.1 (64-bit)
  **** SW Build 5076996 on Wed May 22 18:37:14 MDT 2024
  **** IP Build 5075265 on Wed May 22 21:45:21 MDT 2024
  **** SharedData Build 5076995 on Wed May 22 18:29:18 MDT 2024
  **** Start of session at: Tue Dec 17 10:36:11 2024
    ** Copyright 1986-2022 Xilinx, Inc. All Rights Reserved.
    ** Copyright 2022-2024 Advanced Micro Devices, Inc. All Rights Reserved.

source design_1_xbar_2.tcl -notrace
create_project: Time (s): cpu = 00:00:05 ; elapsed = 00:00:06 . Memory (MB): peak = 656.973 ; gain = 201.027
INFO: [IP_Flow 19-234] Refreshing IP repositories
INFO: [IP_Flow 19-1700] Loaded user IP repository 'c:/Users/elx22yz/Desktop/RFSoC/Vivado/HLS'.
INFO: [IP_Flow 19-2313] Loaded Vivado IP repository 'C:/Xilinx-2024.1/Vivado/2024.1/data/ip'.
WARNING: [IP_Flow 19-4995] The host OS only allows 260 characters in a normal path. The IP cache path is more than 80 characters. If you experience issues with IP caching, please consider changing the IP cache to a location with a shorter path. Alternately consider using the OS subst command to map part of the path to a drive letter. 
Current IP cache path is c:/Users/elx22yz/Desktop/RFSoC/Vivado/VivadoFile/CAMC_24DMA_HPHPC/CAMC_24DMA_HPHPC.cache/ip 
INFO: [IP_Flow 19-6924] IPCACHE: Running cache check for IP inst: design_1_xbar_2
INFO: [IP_Flow 19-6922] IPCACHE: Exporting cached entry e8448083c494e889 to dir: C:/Users/elx22yz/Desktop/RFSoC/Vivado/VivadoFile/CAMC_24DMA_HPHPC/CAMC_24DMA_HPHPC.runs/design_1_xbar_2_synth_1
INFO: [IP_Flow 19-6928] IPCACHE: copied cached file c:/Users/elx22yz/Desktop/RFSoC/Vivado/VivadoFile/CAMC_24DMA_HPHPC/CAMC_24DMA_HPHPC.cache/ip/2024.1/e/8/e8448083c494e889/design_1_xbar_5.dcp to C:/Users/elx22yz/Desktop/RFSoC/Vivado/VivadoFile/CAMC_24DMA_HPHPC/CAMC_24DMA_HPHPC.runs/design_1_xbar_2_synth_1/design_1_xbar_2.dcp.
INFO: [IP_Flow 19-6928] IPCACHE: copied cached file c:/Users/elx22yz/Desktop/RFSoC/Vivado/VivadoFile/CAMC_24DMA_HPHPC/CAMC_24DMA_HPHPC.cache/ip/2024.1/e/8/e8448083c494e889/design_1_xbar_5_sim_netlist.v to C:/Users/elx22yz/Desktop/RFSoC/Vivado/VivadoFile/CAMC_24DMA_HPHPC/CAMC_24DMA_HPHPC.runs/design_1_xbar_2_synth_1/design_1_xbar_2_sim_netlist.v.
INFO: [IP_Flow 19-6928] IPCACHE: copied cached file c:/Users/elx22yz/Desktop/RFSoC/Vivado/VivadoFile/CAMC_24DMA_HPHPC/CAMC_24DMA_HPHPC.cache/ip/2024.1/e/8/e8448083c494e889/design_1_xbar_5_sim_netlist.vhdl to C:/Users/elx22yz/Desktop/RFSoC/Vivado/VivadoFile/CAMC_24DMA_HPHPC/CAMC_24DMA_HPHPC.runs/design_1_xbar_2_synth_1/design_1_xbar_2_sim_netlist.vhdl.
INFO: [IP_Flow 19-6928] IPCACHE: copied cached file c:/Users/elx22yz/Desktop/RFSoC/Vivado/VivadoFile/CAMC_24DMA_HPHPC/CAMC_24DMA_HPHPC.cache/ip/2024.1/e/8/e8448083c494e889/design_1_xbar_5_stub.v to C:/Users/elx22yz/Desktop/RFSoC/Vivado/VivadoFile/CAMC_24DMA_HPHPC/CAMC_24DMA_HPHPC.runs/design_1_xbar_2_synth_1/design_1_xbar_2_stub.v.
INFO: [IP_Flow 19-6928] IPCACHE: copied cached file c:/Users/elx22yz/Desktop/RFSoC/Vivado/VivadoFile/CAMC_24DMA_HPHPC/CAMC_24DMA_HPHPC.cache/ip/2024.1/e/8/e8448083c494e889/design_1_xbar_5_stub.vhdl to C:/Users/elx22yz/Desktop/RFSoC/Vivado/VivadoFile/CAMC_24DMA_HPHPC/CAMC_24DMA_HPHPC.runs/design_1_xbar_2_synth_1/design_1_xbar_2_stub.vhdl.
INFO: [IP_Flow 19-4838] Using cached IP synthesis design for IP design_1_xbar_2, cache-ID = e8448083c494e889.
INFO: [Common 17-206] Exiting Vivado at Tue Dec 17 10:36:24 2024...
