Copyright 1986-2022 Xilinx, Inc. All Rights Reserved. Copyright 2022-2024 Advanced Micro Devices, Inc. All Rights Reserved.
----------------------------------------------------------------------------------------------------------------------------------------------------------------------
| Tool Version     : Vivado v.2024.1 (win64) Build 5076996 Wed May 22 18:37:14 MDT 2024
| Date             : Tue Nov  5 15:49:16 2024
| Host             : UOSS443P3J3 running 64-bit major release  (build 9200)
| Command          : report_power -file design_1_wrapper_power_routed.rpt -pb design_1_wrapper_power_summary_routed.pb -rpx design_1_wrapper_power_routed.rpx
| Design           : design_1_wrapper
| Device           : xczu48dr-ffvg1517-2-e
| Design State     : routed
| Grade            : extended
| Process          : typical
| Characterization : Production
----------------------------------------------------------------------------------------------------------------------------------------------------------------------

Power Report

Table of Contents
-----------------
1. Summary
1.1 On-Chip Components
1.2 Power Supply Summary
1.3 Confidence Level
2. Settings
2.1 Environment
2.2 Clock Constraints
3. Detailed Reports
3.1 By Hierarchy

1. Summary
----------

+--------------------------+--------------+
| Total On-Chip Power (W)  | 3.175        |
| Design Power Budget (W)  | Unspecified* |
| Power Budget Margin (W)  | NA           |
| Dynamic (W)              | 1.910        |
| Device Static (W)        | 1.265        |
| Effective TJA (C/W)      | 0.8          |
| Max Ambient (C)          | 97.3         |
| Junction Temperature (C) | 27.7         |
| Confidence Level         | Medium       |
| Setting File             | ---          |
| Simulation Activity File | ---          |
| Design Nets Matched      | NA           |
+--------------------------+--------------+
* Specify Design Power Budget using, set_operating_conditions -design_power_budget <value in Watts>


1.1 On-Chip Components
----------------------

+--------------------------+-----------+----------+-----------+-----------------+
| On-Chip                  | Power (W) | Used     | Available | Utilization (%) |
+--------------------------+-----------+----------+-----------+-----------------+
| Clocks                   |     0.037 |        3 |       --- |             --- |
| CLB Logic                |     0.047 |    30871 |       --- |             --- |
|   LUT as Distributed RAM |     0.028 |      924 |    213600 |            0.43 |
|   LUT as Logic           |     0.016 |     9432 |    425280 |            2.22 |
|   LUT as Shift Register  |     0.002 |      534 |    213600 |            0.25 |
|   Register               |     0.002 |    14715 |    850560 |            1.73 |
|   CARRY8                 |    <0.001 |      119 |     53160 |            0.22 |
|   Others                 |     0.000 |     1150 |       --- |             --- |
|   F7/F8 Muxes            |     0.000 |       39 |    425280 |           <0.01 |
| Signals                  |     0.023 |    22578 |       --- |             --- |
| Block RAM                |     0.011 |     26.5 |      1080 |            2.45 |
| DSPs                     |     0.010 |       30 |      4272 |            0.70 |
| PS8                      |     1.782 |        1 |       --- |             --- |
| Static Power             |     1.265 |          |           |                 |
|   PS Static              |     0.099 |          |           |                 |
|   PL Static              |     1.166 |          |           |                 |
| Total                    |     3.175 |          |           |                 |
+--------------------------+-----------+----------+-----------+-----------------+


1.2 Power Supply Summary
------------------------

+-----------------+-------------+-----------+-------------+------------+-------------+-------------+------------+
| Source          | Voltage (V) | Total (A) | Dynamic (A) | Static (A) | Powerup (A) | Budget (A)  | Margin (A) |
+-----------------+-------------+-----------+-------------+------------+-------------+-------------+------------+
| Vccint          |       0.850 |     0.444 |       0.150 |      0.294 |       NA    | Unspecified | NA         |
| Vccint_io       |       0.850 |     0.071 |       0.000 |      0.071 |       NA    | Unspecified | NA         |
| Vccbram         |       0.850 |     0.005 |       0.001 |      0.004 |       NA    | Unspecified | NA         |
| Vccaux          |       1.800 |     0.280 |       0.000 |      0.280 |       NA    | Unspecified | NA         |
| Vccaux_io       |       1.800 |     0.058 |       0.000 |      0.058 |       NA    | Unspecified | NA         |
| Vcco33          |       3.300 |     0.000 |       0.000 |      0.000 |       NA    | Unspecified | NA         |
| Vcco25          |       2.500 |     0.000 |       0.000 |      0.000 |       NA    | Unspecified | NA         |
| Vcco18          |       1.800 |     0.000 |       0.000 |      0.000 |       NA    | Unspecified | NA         |
| Vcco15          |       1.500 |     0.000 |       0.000 |      0.000 |       NA    | Unspecified | NA         |
| Vcco135         |       1.350 |     0.000 |       0.000 |      0.000 |       NA    | Unspecified | NA         |
| Vcco12          |       1.200 |     0.000 |       0.000 |      0.000 |       NA    | Unspecified | NA         |
| Vcco10          |       1.000 |     0.000 |       0.000 |      0.000 |       NA    | Unspecified | NA         |
| Vccadc          |       1.800 |     0.008 |       0.000 |      0.008 |       NA    | Unspecified | NA         |
| VCC_PSINTFP     |       0.850 |     0.571 |       0.538 |      0.033 |       NA    | Unspecified | NA         |
| VCC_PSINTLP     |       0.850 |     0.233 |       0.226 |      0.007 |       NA    | Unspecified | NA         |
| VPS_MGTRAVCC    |       0.850 |     0.001 |       0.000 |      0.001 |       NA    | Unspecified | NA         |
| VCC_PSINTFP_DDR |       0.850 |     0.548 |       0.544 |      0.004 |       NA    | Unspecified | NA         |
| VCC_PSPLL       |       1.200 |     0.069 |       0.067 |      0.002 |       NA    | Unspecified | NA         |
| VPS_MGTRAVTT    |       1.800 |     0.001 |       0.000 |      0.001 |       NA    | Unspecified | NA         |
| VCCO_PSDDR_504  |       1.200 |     0.525 |       0.491 |      0.034 |       NA    | Unspecified | NA         |
| VCC_PSAUX       |       1.800 |     0.002 |       0.000 |      0.002 |       NA    | Unspecified | NA         |
| VCC_PSBATT      |       1.200 |     0.000 |       0.000 |      0.000 |       NA    | Unspecified | NA         |
| VCC_PSDDR_PLL   |       1.800 |     0.001 |       0.000 |      0.001 |       NA    | Unspecified | NA         |
| VCCO_PSIO0_500  |       3.300 |     0.001 |       0.000 |      0.001 |       NA    | Unspecified | NA         |
| VCCO_PSIO1_501  |       3.300 |     0.001 |       0.000 |      0.001 |       NA    | Unspecified | NA         |
| VCCO_PSIO2_502  |       3.300 |     0.001 |       0.000 |      0.001 |       NA    | Unspecified | NA         |
| VCCO_PSIO3_503  |       3.300 |     0.001 |       0.000 |      0.001 |       NA    | Unspecified | NA         |
| VCC_PSADC       |       1.800 |     0.002 |       0.000 |      0.002 |       NA    | Unspecified | NA         |
| VCCINT_AMS      |       0.850 |     0.024 |       0.000 |      0.024 |       NA    | Unspecified | NA         |
| DACAVCC         |       0.925 |     0.010 |       0.000 |      0.010 |       NA    | Unspecified | NA         |
| DACAVCCAUX      |       1.800 |     0.001 |       0.000 |      0.001 |       NA    | Unspecified | NA         |
| DACAVTT         |       2.500 |     0.010 |       0.000 |      0.010 |       NA    | Unspecified | NA         |
| ADCAVCC         |       0.925 |     0.111 |       0.000 |      0.111 |       NA    | Unspecified | NA         |
| ADCAVCCAUX      |       1.800 |     0.027 |       0.000 |      0.027 |       NA    | Unspecified | NA         |
| VCCSDFEC        |       0.850 |     0.028 |       0.000 |      0.028 |       NA    | Unspecified | NA         |
| MGTYAVcc        |       0.900 |     0.000 |       0.000 |      0.000 |       NA    | Unspecified | NA         |
| MGTYAVtt        |       1.200 |     0.000 |       0.000 |      0.000 |       NA    | Unspecified | NA         |
| MGTYVccaux      |       1.800 |     0.000 |       0.000 |      0.000 |       NA    | Unspecified | NA         |
+-----------------+-------------+-----------+-------------+------------+-------------+-------------+------------+


1.3 Confidence Level
--------------------

+-----------------------------+------------+------------------------------------------------+------------------------------------------------------------------------------------------------------------+
| User Input Data             | Confidence | Details                                        | Action                                                                                                     |
+-----------------------------+------------+------------------------------------------------+------------------------------------------------------------------------------------------------------------+
| Design implementation state | High       | Design is routed                               |                                                                                                            |
| Clock nodes activity        | High       | User specified more than 95% of clocks         |                                                                                                            |
| I/O nodes activity          | High       | User specified more than 95% of inputs         |                                                                                                            |
| Internal nodes activity     | Medium     | User specified less than 25% of internal nodes | Provide missing internal nodes activity with simulation results or by editing the "By Resource Type" views |
| Device models               | High       | Device models are Production                   |                                                                                                            |
|                             |            |                                                |                                                                                                            |
| Overall confidence level    | Medium     |                                                |                                                                                                            |
+-----------------------------+------------+------------------------------------------------+------------------------------------------------------------------------------------------------------------+


2. Settings
-----------

2.1 Environment
---------------

+-----------------------+--------------------------+
| Ambient Temp (C)      | 25.0                     |
| ThetaJA (C/W)         | 0.8                      |
| Airflow (LFM)         | 250                      |
| Heat Sink             | medium (Medium Profile)  |
| ThetaSA (C/W)         | 1.2                      |
| Board Selection       | medium (10"x10")         |
| # of Board Layers     | 12to15 (12 to 15 Layers) |
| Board Temperature (C) | 25.0                     |
+-----------------------+--------------------------+


2.2 Clock Constraints
---------------------

+----------+--------------------------------------------------------+-----------------+
| Clock    | Domain                                                 | Constraint (ns) |
+----------+--------------------------------------------------------+-----------------+
| clk_pl_0 | design_1_i/zynq_ultra_ps_e_0/inst/pl_clk_unbuffered[0] |            10.3 |
+----------+--------------------------------------------------------+-----------------+


3. Detailed Reports
-------------------

3.1 By Hierarchy
----------------

+-----------------------+-----------+
| Name                  | Power (W) |
+-----------------------+-----------+
| design_1_wrapper      |     1.910 |
|   design_1_i          |     1.910 |
|     CAMC_0            |     0.040 |
|       inst            |     0.040 |
|     axi_bram_ctrl_0   |     0.002 |
|       U0              |     0.002 |
|     axi_dma_0         |     0.006 |
|       U0              |     0.006 |
|     axi_dma_1         |     0.006 |
|       U0              |     0.006 |
|     axi_smc           |     0.056 |
|       inst            |     0.056 |
|     blk_mem_gen_0     |     0.002 |
|       U0              |     0.002 |
|     ps8_0_axi_periph  |     0.014 |
|       m00_couplers    |     0.003 |
|       m02_couplers    |     0.003 |
|       m03_couplers    |     0.003 |
|       xbar            |     0.006 |
|     zynq_ultra_ps_e_0 |     1.783 |
|       inst            |     1.783 |
+-----------------------+-----------+


