
*** Running vivado
    with args -log design_1_blk_mem_gen_0_39.vds -m64 -product Vivado -mode batch -messageDb vivado.pb -notrace -source design_1_blk_mem_gen_0_39.tcl



****** Vivado v2024.1 (64-bit)
  **** SW Build 5076996 on Wed May 22 18:37:14 MDT 2024
  **** IP Build 5075265 on Wed May 22 21:45:21 MDT 2024
  **** SharedData Build 5076995 on Wed May 22 18:29:18 MDT 2024
  **** Start of session at: Mon Dec 16 16:07:33 2024
    ** Copyright 1986-2022 Xilinx, Inc. All Rights Reserved.
    ** Copyright 2022-2024 Advanced Micro Devices, Inc. All Rights Reserved.

source design_1_blk_mem_gen_0_39.tcl -notrace
create_project: Time (s): cpu = 00:00:05 ; elapsed = 00:00:06 . Memory (MB): peak = 656.328 ; gain = 200.797
INFO: [IP_Flow 19-234] Refreshing IP repositories
INFO: [IP_Flow 19-1700] Loaded user IP repository 'c:/Users/elx22yz/Desktop/RFSoC/Vivado/HLS'.
INFO: [IP_Flow 19-2313] Loaded Vivado IP repository 'C:/Xilinx-2024.1/Vivado/2024.1/data/ip'.
WARNING: [IP_Flow 19-4995] The host OS only allows 260 characters in a normal path. The IP cache path is more than 80 characters. If you experience issues with IP caching, please consider changing the IP cache to a location with a shorter path. Alternately consider using the OS subst command to map part of the path to a drive letter. 
Current IP cache path is c:/Users/elx22yz/Desktop/RFSoC/Vivado/VivadoFile/CAMC_Full_128/CAMC_Full_128.cache/ip 
INFO: [IP_Flow 19-6924] IPCACHE: Running cache check for IP inst: design_1_blk_mem_gen_0_39
INFO: [IP_Flow 19-6922] IPCACHE: Exporting cached entry 9aa080ea6b138e1c to dir: C:/Users/elx22yz/Desktop/RFSoC/Vivado/VivadoFile/CAMC_Full_128/CAMC_Full_128.runs/design_1_blk_mem_gen_0_39_synth_1
INFO: [IP_Flow 19-6928] IPCACHE: copied cached file c:/Users/elx22yz/Desktop/RFSoC/Vivado/VivadoFile/CAMC_Full_128/CAMC_Full_128.cache/ip/2024.1/9/a/9aa080ea6b138e1c/design_1_blk_mem_gen_0_45.dcp to C:/Users/elx22yz/Desktop/RFSoC/Vivado/VivadoFile/CAMC_Full_128/CAMC_Full_128.runs/design_1_blk_mem_gen_0_39_synth_1/design_1_blk_mem_gen_0_39.dcp.
INFO: [IP_Flow 19-6928] IPCACHE: copied cached file c:/Users/elx22yz/Desktop/RFSoC/Vivado/VivadoFile/CAMC_Full_128/CAMC_Full_128.cache/ip/2024.1/9/a/9aa080ea6b138e1c/design_1_blk_mem_gen_0_45_sim_netlist.v to C:/Users/elx22yz/Desktop/RFSoC/Vivado/VivadoFile/CAMC_Full_128/CAMC_Full_128.runs/design_1_blk_mem_gen_0_39_synth_1/design_1_blk_mem_gen_0_39_sim_netlist.v.
INFO: [IP_Flow 19-6928] IPCACHE: copied cached file c:/Users/elx22yz/Desktop/RFSoC/Vivado/VivadoFile/CAMC_Full_128/CAMC_Full_128.cache/ip/2024.1/9/a/9aa080ea6b138e1c/design_1_blk_mem_gen_0_45_sim_netlist.vhdl to C:/Users/elx22yz/Desktop/RFSoC/Vivado/VivadoFile/CAMC_Full_128/CAMC_Full_128.runs/design_1_blk_mem_gen_0_39_synth_1/design_1_blk_mem_gen_0_39_sim_netlist.vhdl.
INFO: [IP_Flow 19-6928] IPCACHE: copied cached file c:/Users/elx22yz/Desktop/RFSoC/Vivado/VivadoFile/CAMC_Full_128/CAMC_Full_128.cache/ip/2024.1/9/a/9aa080ea6b138e1c/design_1_blk_mem_gen_0_45_stub.v to C:/Users/elx22yz/Desktop/RFSoC/Vivado/VivadoFile/CAMC_Full_128/CAMC_Full_128.runs/design_1_blk_mem_gen_0_39_synth_1/design_1_blk_mem_gen_0_39_stub.v.
INFO: [IP_Flow 19-6928] IPCACHE: copied cached file c:/Users/elx22yz/Desktop/RFSoC/Vivado/VivadoFile/CAMC_Full_128/CAMC_Full_128.cache/ip/2024.1/9/a/9aa080ea6b138e1c/design_1_blk_mem_gen_0_45_stub.vhdl to C:/Users/elx22yz/Desktop/RFSoC/Vivado/VivadoFile/CAMC_Full_128/CAMC_Full_128.runs/design_1_blk_mem_gen_0_39_synth_1/design_1_blk_mem_gen_0_39_stub.vhdl.
INFO: [IP_Flow 19-4838] Using cached IP synthesis design for IP design_1_blk_mem_gen_0_39, cache-ID = 9aa080ea6b138e1c.
INFO: [Common 17-206] Exiting Vivado at Mon Dec 16 16:07:45 2024...
