Copyright 1986-2022 Xilinx, Inc. All Rights Reserved. Copyright 2022-2024 Advanced Micro Devices, Inc. All Rights Reserved.
--------------------------------------------------------------------------------------------------------------------------------------------------------------------------------------
| Tool Version : Vivado v.2024.1 (win64) Build 5076996 Wed May 22 18:37:14 MDT 2024
| Date         : Mon Dec 16 18:15:35 2024
| Host         : UOS4CD717A76674 running 64-bit major release  (build 9200)
| Command      : report_methodology -file design_1_wrapper_methodology_drc_routed.rpt -pb design_1_wrapper_methodology_drc_routed.pb -rpx design_1_wrapper_methodology_drc_routed.rpx
| Design       : design_1_wrapper
| Device       : xczu48dr-ffvg1517-2-e
| Speed File   : -2
| Design State : Fully Routed
--------------------------------------------------------------------------------------------------------------------------------------------------------------------------------------

Report Methodology

Table of Contents
-----------------
1. REPORT SUMMARY
2. REPORT DETAILS

1. REPORT SUMMARY
-----------------
            Netlist: netlist
          Floorplan: design_1
      Design limits: <entire design considered>
             Max violations: <unlimited>
             Violations found: 1
+----------+----------+-------------------------------------------+------------+
| Rule     | Severity | Description                               | Violations |
+----------+----------+-------------------------------------------+------------+
| ULMTCS-2 | Warning  | Control Sets use limits require reduction | 1          |
+----------+----------+-------------------------------------------+------------+

2. REPORT DETAILS
-----------------
ULMTCS-2#1 Warning
Control Sets use limits require reduction  
This design uses 26999 control sets (vs. available limit of 106320, determined by 1 control set per CLB). This exceeds the control set use guideline of 15 percent. This is at a level where reduction is REQUIRED (see UG949). Use report_control_sets to get more details.
Related violations: <none>


